<?xml version="1.0" encoding="UTF-8"?>
<!-- Generated by org.testng.reporters.JUnitReportReporter -->
<testsuite skipped="0" hostname="DESKTOP-PSPSVDJ" name="com.guru99.Day1.Day1" tests="4" failures="0" timestamp="2019-12-02T07:15:28 EST" time="50.142" errors="0">
  <testcase name="login" time="11.972" classname="com.guru99.Day1.Day1"/>
  <testcase name="login" time="13.166" classname="com.guru99.Day1.Day1"/>
  <testcase name="login" time="13.080" classname="com.guru99.Day1.Day1"/>
  <testcase name="login" time="11.924" classname="com.guru99.Day1.Day1"/>
</testsuite> <!-- com.guru99.Day1.Day1 -->
