<?xml version="1.0" encoding="UTF-8"?>
<!-- Generated by org.testng.reporters.JUnitReportReporter -->
<testsuite skipped="0" hostname="DESKTOP-PSPSVDJ" name="com.guru99.Day1.Day1" tests="4" failures="0" timestamp="2019-11-24T19:19:01 EST" time="48.554" errors="0">
  <testcase name="login" time="12.300" classname="com.guru99.Day1.Day1"/>
  <testcase name="login" time="12.789" classname="com.guru99.Day1.Day1"/>
  <testcase name="login" time="11.929" classname="com.guru99.Day1.Day1"/>
  <testcase name="login" time="11.536" classname="com.guru99.Day1.Day1"/>
</testsuite> <!-- com.guru99.Day1.Day1 -->
