<?xml version="1.0" encoding="UTF-8"?>
<!-- Generated by org.testng.reporters.JUnitReportReporter -->
<testsuite skipped="0" hostname="DESKTOP-PSPSVDJ" name="com.guru99.Day1.Day1" tests="4" failures="0" timestamp="2019-11-20T19:17:41 EST" time="91.394" errors="0">
  <testcase name="login" time="21.986" classname="com.guru99.Day1.Day1"/>
  <testcase name="login" time="22.281" classname="com.guru99.Day1.Day1"/>
  <testcase name="login" time="23.655" classname="com.guru99.Day1.Day1"/>
  <testcase name="login" time="23.472" classname="com.guru99.Day1.Day1"/>
</testsuite> <!-- com.guru99.Day1.Day1 -->
